<?xml version="1.0" encoding="UTF-8"?>
<!-- Generated by org.testng.reporters.JUnitReportReporter -->
<testsuite hostname="Brain-ПК" failures="0" tests="5" name="test.HorizontalAndVerticalTest" time="39.521" errors="0" timestamp="27 серп. 2019 11:54:30 GMT" skipped="0">
  <testcase classname="test.HorizontalAndVerticalTest" name="checkClothes" time="1.730"/>
  <testcase classname="test.HorizontalAndVerticalTest" name="checkMenClothes" time="2.310"/>
  <testcase classname="test.HorizontalAndVerticalTest" name="checkAccessories" time="1.499"/>
  <testcase classname="test.HorizontalAndVerticalTest" name="checkStationeryAccessories" time="32.580"/>
  <testcase classname="test.HorizontalAndVerticalTest" name="checkArt" time="1.402"/>
</testsuite> <!-- test.HorizontalAndVerticalTest -->
