<?xml version="1.0" encoding="UTF-8"?>
<!-- Generated by org.testng.reporters.JUnitReportReporter -->
<testsuite hostname="Brain-ПК" failures="0" tests="5" name="test.HorizontalAndVerticalTest" time="12.723" errors="0" timestamp="23 серп. 2019 19:21:38 GMT" skipped="0">
  <testcase classname="test.HorizontalAndVerticalTest" name="checkClothes" time="1.697"/>
  <testcase classname="test.HorizontalAndVerticalTest" name="checkMenClothes" time="2.808"/>
  <testcase classname="test.HorizontalAndVerticalTest" name="checkAccessories" time="1.566"/>
  <testcase classname="test.HorizontalAndVerticalTest" name="checkStationeryAccessories" time="5.396"/>
  <testcase classname="test.HorizontalAndVerticalTest" name="checkArt" time="1.256"/>
</testsuite> <!-- test.HorizontalAndVerticalTest -->
